Arguments: 
  C:\Program Files\nodejs\node.exe C:\Users\speed\AppData\Roaming\npm\node_modules\yarn\bin\yarn.js add react-firebase-hooks

PATH: 
  C:\Program Files\PowerShell\7;C:\Program Files\Common Files\Oracle\Java\javapath;C:\Program Files (x86)\Common Files\Oracle\Java\javapath;C:\WINDOWS\system32;C:\WINDOWS;C:\WINDOWS\System32\Wbem;C:\WINDOWS\System32\WindowsPowerShell\v1.0\;C:\WINDOWS\System32\OpenSSH\;C:\Program Files\nodejs\;C:\ProgramData\chocolatey\bin;C:\Program Files\Git\cmd;C:\Program Files\PowerShell\7\;C:\Users\speed\AppData\Local\Programs\Python\Python39\Scripts\;C:\Users\speed\AppData\Local\Programs\Python\Python39\;C:\Users\speed\AppData\Local\Microsoft\WindowsApps;;C:\Program Files\JetBrains\PyCharm Community Edition 2020.3.3\bin;;C:\Users\speed\AppData\Roaming\npm;C:\Users\speed\AppData\Local\Programs\Microsoft VS Code\bin

Yarn version: 
  1.22.11

Node version: 
  14.16.0

Platform: 
  win32 x64

Trace: 
  Error: https://registry.yarnpkg.com/@material-ui/icons/-/icons-4.11.2.tgz: ESOCKETTIMEDOUT
      at ClientRequest.<anonymous> (C:\Users\speed\AppData\Roaming\npm\node_modules\yarn\lib\cli.js:141390:19)
      at Object.onceWrapper (events.js:421:28)
      at ClientRequest.emit (events.js:315:20)
      at TLSSocket.emitRequestTimeout (_http_client.js:784:9)
      at Object.onceWrapper (events.js:421:28)
      at TLSSocket.emit (events.js:327:22)
      at TLSSocket.Socket._onTimeout (net.js:483:8)
      at listOnTimeout (internal/timers.js:554:17)
      at processTimers (internal/timers.js:497:7)

npm manifest: 
  {
    "name": "linkedin-clone",
    "version": "0.1.0",
    "private": true,
    "dependencies": {
      "@firebase/auth": "^0.16.8",
      "@material-ui/core": "^4.12.1",
      "@material-ui/icons": "^4.11.2",
      "@reduxjs/toolkit": "^1.6.1",
      "@testing-library/jest-dom": "^4.2.4",
      "@testing-library/react": "^9.5.0",
      "@testing-library/user-event": "^7.2.1",
      "firebase": "^8.8.0",
      "firebase-tools": "^9.16.0",
      "react": "^17.0.2",
      "react-dom": "^17.0.2",
      "react-firebase-hooks": "^3.0.4",
      "react-flip-move": "^3.0.4",
      "react-redux": "^7.2.4",
      "react-scripts": "4.0.3",
      "styled-components": "^5.3.0"
    },
    "scripts": {
      "start": "react-scripts start",
      "build": "react-scripts build",
      "test": "react-scripts test",
      "eject": "react-scripts eject"
    },
    "eslintConfig": {
      "extends": "react-app"
    },
    "browserslist": {
      "production": [
        ">0.2%",
        "not dead",
        "not op_mini all"
      ],
      "development": [
        "last 1 chrome version",
        "last 1 firefox version",
        "last 1 safari version"
      ]
    }
  }

yarn manifest: 
  No manifest

Lockfile: 
  No lockfile
